
> coffee-app@0.1.0 build
> next build

Γû▓ Next.js 16.1.6 (Turbopack)
- Environments: .env.local

  Creating an optimized production build ...

At line:1 char:1
+ & "C:\Program Files
\nodejs/node.exe" 
"C:\Program 
Files\nodejs/node_mo 
...
+ ~~~~~~~~~~~~~~~~~~~
~~~~~~~~~~~~~~~~~~~~~
~~~~~~~~~~~~~~~~~~~~~
~~~~~~~~
    + CategoryInfo   
           : NotSpe  
  cified: (:String   
 ) [], RemoteExce    
ption
    + FullyQualified 
   ErrorId : Native  
  CommandError
 
-----
[1m[31mFATAL[39m[
0m: An unexpected 
Turbopack error 
occurred. A panic 
log has been written 
to C:\Users\muhsi\App
Data\Local\Temp\next-
panic-961400c72eb2a9b
3ae8bf09d3ad07f85.log
.

To help make 
Turbopack better, 
report this error by 
]8;;https://github.c
om/vercel/next.js/dis
cussions/new?category
=turbopack-error-repo
rt&title=Turbopack%20
Error%3A%20Failed%20t
o%20write%20app%20end
point%20%2Fpage&body=
Turbopack%20version%3
A%20%6023c46498%60%0A
Next.js%20version%3A%
20%600.0.0%60%0A%0AEr
ror%20message%3A%0A%6
0%60%60%0AFailed%20to
%20write%20app%20endp
oint%20%2Fpage%0A%0AC
aused%20by%3A%0A-%20%
5Bproject%5D%2Fsrc%2F
app%2Fglobals.css%20%
5Bapp-client%5D%20%28
css%29%0A-%20failed%2
0to%20receive%20messa
ge%0A-%20reading%20pa
cket%20length%0A-%20A
n%20existing%20connec
tion%20was%20forcibly
%20closed%20by%20the%
20remote%20host.%20%2
8os%20error%2010054%2
9%0A%0ADebug%20info%3
A%0A-%20Execution%20o
f%20get_all_written_e
ntrypoints_with_issue
s_operation%20failed%
0A-%20Execution%20of%
20EntrypointsOperatio
n%3A%3Anew%20failed%0
A-%20Execution%20of%2
0all_entrypoints_writ
e_to_disk_operation%2
0failed%0A-%20Executi
on%20of%20Project%3A%
3Aemit_all_output_ass
ets%20failed%0A-%20Ex
ecution%20of%20%2Aemi
t_assets%20failed%0A-
%20Execution%20of%20a
ll_assets_from_entrie
s_operation%20failed%
0A-%20Execution%20of%
20%2Aall_assets_from_
entries%20failed%0A-%
20Execution%20of%20ou
tput_assets_operation
%20failed%0A-%20Execu
tion%20of%20%3CAppEnd
point%20as%20Endpoint
%3E%3A%3Aoutput%20fai
led%0A-%20Failed%20to
%20write%20app%20endp
oint%20%2Fpage%0A-%20
Execution%20of%20AppE
ndpoint%3A%3Aoutput%2
0failed%0A-%20Executi
on%20of%20whole_app_m
odule_graph_operation
%20failed%0A-%20Execu
tion%20of%20%2AModule
Graph%3A%3Afrom_singl
e_graph%20failed%0A-%
20Execution%20of%20Si
ngleModuleGraph%3A%3A
new_with_entries%20fa
iled%0A-%20%5Bproject
%5D%2Fsrc%2Fapp%2Fglo
bals.css%20%5Bapp-cli
ent%5D%20%28css%29%0A
-%20Execution%20of%20
primary_chunkable_ref
erenced_modules%20fai
led%0A-%20Execution%2
0of%20%3CCssModuleAss
et%20as%20Module%3E%3
A%3Areferences%20fail
ed%0A-%20Execution%20
of%20parse_css%20fail
ed%0A-%20Execution%20
of%20%3CPostCssTransf
ormedAsset%20as%20Ass
et%3E%3A%3Acontent%20
failed%0A-%20Executio
n%20of%20PostCssTrans
formedAsset%3A%3Aproc
ess%20failed%0A-%20Ex
ecution%20of%20evalua
te_webpack_loader%20f
ailed%0A-%20failed%20
to%20receive%20messag
e%0A-%20reading%20pac
ket%20length%0A-%20An
%20existing%20connect
ion%20was%20forcibly%
20closed%20by%20the%2
0remote%20host.%20%28
os%20error%2010054%29
%0A%60%60%60&labels=T
urbopack,Turbopack%20
Panic%20Backtrace\cl
icking here.]8;;\
-----


> Build error 
occurred
Error [TurbopackInter
nalError]: Failed to 
write app endpoint 
/page

Caused by:
- [project]/src/app/g
lobals.css 
[app-client] (css)
- failed to receive 
message
- reading packet 
length
- An existing 
connection was 
forcibly closed by 
the remote host. (os 
error 10054)

Debug info:
- Execution of get_al
l_written_entrypoints
_with_issues_operatio
n failed
- Execution of Entryp
ointsOperation::new 
failed
- Execution of all_en
trypoints_write_to_di
sk_operation failed
- Execution of Projec
t::emit_all_output_as
sets failed
- Execution of 
*emit_assets failed
- Execution of all_as
sets_from_entries_ope
ration failed
- Execution of *all_a
ssets_from_entries 
failed
- Execution of output
_assets_operation 
failed
- Execution of 
<AppEndpoint as 
Endpoint>::output 
failed
- Failed to write 
app endpoint /page
- Execution of 
AppEndpoint::output 
failed
- Execution of whole_
app_module_graph_oper
ation failed
- Execution of *Modul
eGraph::from_single_g
raph failed
- Execution of Single
ModuleGraph::new_with
_entries failed
- [project]/src/app/g
lobals.css 
[app-client] (css)
- Execution of primar
y_chunkable_reference
d_modules failed
- Execution of 
<CssModuleAsset as 
Module>::references 
failed
- Execution of 
parse_css failed
- Execution of <PostC
ssTransformedAsset 
as Asset>::content 
failed
- Execution of PostCs
sTransformedAsset::pr
ocess failed
- Execution of evalua
te_webpack_loader 
failed
- failed to receive 
message
- reading packet 
length
- An existing 
connection was 
forcibly closed by 
the remote host. (os 
error 10054)
    at <unknown> (Tur
bopackInternalError: 
Failed to write app 
endpoint /page) {
  type: 'TurbopackInt
ernalError',
  location: undefined
}
